{
  "summary": {
    "outcome": "Failed",
    "testsRan": 4,
    "passing": 0,
    "failing": 4,
    "skipped": 0,
    "passRate": "0%",
    "failRate": "100%",
    "skipRate": "0%",
    "testStartTime": "Tue May 16 2023 08:08:33",
    "testExecutionTimeInMs": 2510,
    "testTotalTimeInMs": 2510,
    "commandTimeInMs": 345,
    "hostname": "https://creative-shark-q0bhjj-dev-ed.trailblaze.my.salesforce.com",
    "orgId": "00D0900000DxWzYEAV",
    "username": "slignere@creative-shark-q0bhjj.com",
    "testRunId": "7070900003cHQ3c",
    "userId": "0050900000C5WhcAAF"
  },
  "tests": [
    {
      "id": "07M09000004btALEAY",
      "queueItemId": "70909000000tqx5AAA",
      "stackTrace": "Class.TestDataFactory.createOrdersForAccounts: line 46, column 1\nClass.AccountServiceTest.testUpdateAllCAWithAccounts: line 37, column 1",
      "message": "System.DmlException: Insert failed. First exception on row 0; first error: REQUIRED_FIELD_MISSING, Missing value for required field(s): Order: []",
      "asyncApexJobId": "7070900003cHQ3cAAG",
      "methodName": "testUpdateAllCAWithAccounts",
      "outcome": "Fail",
      "apexLogId": "07L0900000CdUUEEA3",
      "apexClass": {
        "id": "01p0900000TYJsEAAX",
        "name": "AccountServiceTest",
        "namespacePrefix": null,
        "fullName": "AccountServiceTest"
      },
      "runTime": 1056,
      "testTimestamp": "2023-05-16T06:08:34.000+0000",
      "fullName": "AccountServiceTest.testUpdateAllCAWithAccounts",
      "diagnostic": {
        "exceptionMessage": "System.DmlException: Insert failed. First exception on row 0; first error: REQUIRED_FIELD_MISSING, Missing value for required field(s): Order: []",
        "exceptionStackTrace": "Class.TestDataFactory.createOrdersForAccounts: line 46, column 1\nClass.AccountServiceTest.testUpdateAllCAWithAccounts: line 37, column 1",
        "className": "TestDataFactory",
        "compileProblem": "",
        "lineNumber": 46,
        "columnNumber": 1
      }
    },
    {
      "id": "07M09000004btAMEAY",
      "queueItemId": "70909000000tqx5AAA",
      "stackTrace": "(System Code)\nClass.AccountServiceTest.testUpdateAllCAWithEmptyAccountList: line 61, column 1",
      "message": "System.AssertException: Assertion Failed: Expected: 0, Actual: null",
      "asyncApexJobId": "7070900003cHQ3cAAG",
      "methodName": "testUpdateAllCAWithEmptyAccountList",
      "outcome": "Fail",
      "apexLogId": "07L0900000CdUUEEA3",
      "apexClass": {
        "id": "01p0900000TYJsEAAX",
        "name": "AccountServiceTest",
        "namespacePrefix": null,
        "fullName": "AccountServiceTest"
      },
      "runTime": 65,
      "testTimestamp": "2023-05-16T06:08:36.000+0000",
      "fullName": "AccountServiceTest.testUpdateAllCAWithEmptyAccountList",
      "diagnostic": {
        "exceptionMessage": "System.AssertException: Assertion Failed: Expected: 0, Actual: null",
        "exceptionStackTrace": "(System Code)\nClass.AccountServiceTest.testUpdateAllCAWithEmptyAccountList: line 61, column 1",
        "className": "AccountServiceTest",
        "compileProblem": "",
        "lineNumber": 61,
        "columnNumber": 1
      }
    },
    {
      "id": "07M09000004btANEAY",
      "queueItemId": "70909000000tqx5AAA",
      "stackTrace": "(System Code)\nClass.AccountServiceTest.testUpdateAllCAWithEmptyOrderList: line 30, column 1",
      "message": "System.AssertException: Assertion Failed: Expected: 0, Actual: null",
      "asyncApexJobId": "7070900003cHQ3cAAG",
      "methodName": "testUpdateAllCAWithEmptyOrderList",
      "outcome": "Fail",
      "apexLogId": "07L0900000CdUUEEA3",
      "apexClass": {
        "id": "01p0900000TYJsEAAX",
        "name": "AccountServiceTest",
        "namespacePrefix": null,
        "fullName": "AccountServiceTest"
      },
      "runTime": 454,
      "testTimestamp": "2023-05-16T06:08:36.000+0000",
      "fullName": "AccountServiceTest.testUpdateAllCAWithEmptyOrderList",
      "diagnostic": {
        "exceptionMessage": "System.AssertException: Assertion Failed: Expected: 0, Actual: null",
        "exceptionStackTrace": "(System Code)\nClass.AccountServiceTest.testUpdateAllCAWithEmptyOrderList: line 30, column 1",
        "className": "AccountServiceTest",
        "compileProblem": "",
        "lineNumber": 30,
        "columnNumber": 1
      }
    },
    {
      "id": "07M09000004btAOEAY",
      "queueItemId": "70909000000tqx5AAA",
      "stackTrace": "Class.TestDataFactory.createOrdersForAccounts: line 46, column 1\nClass.AccountServiceTest.testUpdateAllCAWithOrders: line 6, column 1",
      "message": "System.DmlException: Insert failed. First exception on row 0; first error: REQUIRED_FIELD_MISSING, Missing value for required field(s): Order: []",
      "asyncApexJobId": "7070900003cHQ3cAAG",
      "methodName": "testUpdateAllCAWithOrders",
      "outcome": "Fail",
      "apexLogId": "07L0900000CdUUEEA3",
      "apexClass": {
        "id": "01p0900000TYJsEAAX",
        "name": "AccountServiceTest",
        "namespacePrefix": null,
        "fullName": "AccountServiceTest"
      },
      "runTime": 935,
      "testTimestamp": "2023-05-16T06:08:36.000+0000",
      "fullName": "AccountServiceTest.testUpdateAllCAWithOrders",
      "diagnostic": {
        "exceptionMessage": "System.DmlException: Insert failed. First exception on row 0; first error: REQUIRED_FIELD_MISSING, Missing value for required field(s): Order: []",
        "exceptionStackTrace": "Class.TestDataFactory.createOrdersForAccounts: line 46, column 1\nClass.AccountServiceTest.testUpdateAllCAWithOrders: line 6, column 1",
        "className": "TestDataFactory",
        "compileProblem": "",
        "lineNumber": 46,
        "columnNumber": 1
      }
    }
  ]
}