{
  "summary": {
    "outcome": "Failed",
    "testsRan": 1,
    "passing": 0,
    "failing": 1,
    "skipped": 0,
    "passRate": "0%",
    "failRate": "100%",
    "skipRate": "0%",
    "testStartTime": "Thu Apr 20 2023 07:17:28",
    "testExecutionTimeInMs": 333,
    "testTotalTimeInMs": 333,
    "commandTimeInMs": 280,
    "hostname": "https://creative-shark-q0bhjj-dev-ed.trailblaze.my.salesforce.com",
    "orgId": "00D0900000DxWzYEAV",
    "username": "slignere@creative-shark-q0bhjj.com",
    "testRunId": "7070900003V98OY",
    "userId": "0050900000C5WhcAAF"
  },
  "tests": [
    {
      "id": "07M09000004bZk4EAE",
      "queueItemId": "70909000000tqLDAAY",
      "stackTrace": "Class.AccountServiceTest.test: line 20, column 1",
      "message": "System.DmlException: Insert failed. First exception on row 0; first error: REQUIRED_FIELD_MISSING, Required fields are missing: [EffectiveDate, Status]: [EffectiveDate, Status]",
      "asyncApexJobId": "7070900003V98OYAAZ",
      "methodName": "test",
      "outcome": "Fail",
      "apexLogId": null,
      "apexClass": {
        "id": "01p0900000TYJsEAAX",
        "name": "AccountServiceTest",
        "namespacePrefix": null,
        "fullName": "AccountServiceTest"
      },
      "runTime": 333,
      "testTimestamp": "2023-04-20T05:17:29.000+0000",
      "fullName": "AccountServiceTest.test",
      "diagnostic": {
        "exceptionMessage": "System.DmlException: Insert failed. First exception on row 0; first error: REQUIRED_FIELD_MISSING, Required fields are missing: [EffectiveDate, Status]: [EffectiveDate, Status]",
        "exceptionStackTrace": "Class.AccountServiceTest.test: line 20, column 1",
        "className": "AccountServiceTest",
        "compileProblem": "",
        "lineNumber": 20,
        "columnNumber": 1
      }
    }
  ]
}